# JRE version: OpenJDK Runtime Environment (11.0.15) (build 11.0.15+0-b2043.56-9505619)
# Java VM: OpenJDK 64-Bit Server VM (11.0.15+0-b2043.56-9505619, mixed mode, tiered, compressed oops, g1 gc, windows-amd64)
Heap:
 garbage-first heap   total 542720K, used 251541K [0x00000000a0000000, 0x0000000100000000)
  region size 1024K, 6 young (6144K), 3 survivors (3072K)
 Metaspace       used 89479K, capacity 91775K, committed 91912K, reserved 1128448K
  class space    used 11437K, capacity 12229K, committed 12288K, reserved 1048576K
GC Heap History (20 events):
Event: 21.681 GC heap before
{Heap before GC invocations=55 (full 0):
 garbage-first heap   total 282624K, used 226824K [0x00000000a0000000, 0x0000000100000000)
  region size 1024K, 25 young (25600K), 4 survivors (4096K)
 Metaspace       used 86405K, capacity 88481K, committed 88712K, reserved 1126400K
  class space    used 11110K, capacity 11844K, committed 11904K, reserved 1048576K
}
Event: 21.695 GC heap after
{Heap after GC invocations=56 (full 0):
 garbage-first heap   total 282624K, used 213589K [0x00000000a0000000, 0x0000000100000000)
  region size 1024K, 4 young (4096K), 4 survivors (4096K)
 Metaspace       used 86405K, capacity 88481K, committed 88712K, reserved 1126400K
  class space    used 11110K, capacity 11844K, committed 11904K, reserved 1048576K
}
Event: 21.859 GC heap before
{Heap before GC invocations=56 (full 0):
 garbage-first heap   total 282624K, used 232021K [0x00000000a0000000, 0x0000000100000000)
  region size 1024K, 22 young (22528K), 4 survivors (4096K)
 Metaspace       used 86585K, capacity 88724K, committed 88968K, reserved 1126400K
  class space    used 11125K, capacity 11858K, committed 11904K, reserved 1048576K
}
Event: 21.870 GC heap after
{Heap after GC invocations=57 (full 0):
 garbage-first heap   total 282624K, used 217272K [0x00000000a0000000, 0x0000000100000000)
  region size 1024K, 3 young (3072K), 3 survivors (3072K)
 Metaspace       used 86585K, capacity 88724K, committed 88968K, reserved 1126400K
  class space    used 11125K, capacity 11858K, committed 11904K, reserved 1048576K
}
Event: 22.384 GC heap before
{Heap before GC invocations=58 (full 0):
 garbage-first heap   total 282624K, used 230584K [0x00000000a0000000, 0x0000000100000000)
  region size 1024K, 20 young (20480K), 3 survivors (3072K)
 Metaspace       used 86561K, capacity 88642K, committed 88968K, reserved 1126400K
  class space    used 11108K, capacity 11825K, committed 11904K, reserved 1048576K
}
Event: 22.410 GC heap after
{Heap after GC invocations=59 (full 0):
 garbage-first heap   total 376832K, used 217344K [0x00000000a0000000, 0x0000000100000000)
  region size 1024K, 3 young (3072K), 3 survivors (3072K)
 Metaspace       used 86561K, capacity 88642K, committed 88968K, reserved 1126400K
  class space    used 11108K, capacity 11825K, committed 11904K, reserved 1048576K
}
Event: 22.941 GC heap before
{Heap before GC invocations=59 (full 0):
 garbage-first heap   total 376832K, used 237824K [0x00000000a0000000, 0x0000000100000000)
  region size 1024K, 18 young (18432K), 3 survivors (3072K)
 Metaspace       used 86602K, capacity 88738K, committed 89096K, reserved 1126400K
  class space    used 11111K, capacity 11857K, committed 12032K, reserved 1048576K
}
Event: 22.969 GC heap after
{Heap after GC invocations=60 (full 0):
 garbage-first heap   total 376832K, used 212992K [0x00000000a0000000, 0x0000000100000000)
  region size 1024K, 3 young (3072K), 3 survivors (3072K)
 Metaspace       used 86602K, capacity 88738K, committed 89096K, reserved 1126400K
  class space    used 11111K, capacity 11857K, committed 12032K, reserved 1048576K
}
Event: 23.779 GC heap before
{Heap before GC invocations=60 (full 0):
 garbage-first heap   total 376832K, used 224256K [0x00000000a0000000, 0x0000000100000000)
  region size 1024K, 16 young (16384K), 3 survivors (3072K)
 Metaspace       used 86823K, capacity 88915K, committed 89096K, reserved 1126400K
  class space    used 11133K, capacity 11871K, committed 12032K, reserved 1048576K
}
Event: 23.786 GC heap after
{Heap after GC invocations=61 (full 0):
 garbage-first heap   total 376832K, used 213860K [0x00000000a0000000, 0x0000000100000000)
  region size 1024K, 4 young (4096K), 4 survivors (4096K)
 Metaspace       used 86823K, capacity 88915K, committed 89096K, reserved 1126400K
  class space    used 11133K, capacity 11871K, committed 12032K, reserved 1048576K
}
Event: 25.277 GC heap before
{Heap before GC invocations=62 (full 0):
 garbage-first heap   total 376832K, used 282468K [0x00000000a0000000, 0x0000000100000000)
  region size 1024K, 56 young (57344K), 4 survivors (4096K)
 Metaspace       used 87165K, capacity 89286K, committed 89608K, reserved 1126400K
  class space    used 11166K, capacity 11905K, committed 12032K, reserved 1048576K
}
Event: 25.310 GC heap after
{Heap after GC invocations=63 (full 0):
 garbage-first heap   total 376832K, used 237459K [0x00000000a0000000, 0x0000000100000000)
  region size 1024K, 7 young (7168K), 7 survivors (7168K)
 Metaspace       used 87165K, capacity 89286K, committed 89608K, reserved 1126400K
  class space    used 11166K, capacity 11905K, committed 12032K, reserved 1048576K
}
Event: 25.360 GC heap before
{Heap before GC invocations=63 (full 0):
 garbage-first heap   total 376832K, used 248723K [0x00000000a0000000, 0x0000000100000000)
  region size 1024K, 18 young (18432K), 7 survivors (7168K)
 Metaspace       used 87166K, capacity 89286K, committed 89608K, reserved 1126400K
  class space    used 11166K, capacity 11905K, committed 12032K, reserved 1048576K
}
Event: 25.386 GC heap after
{Heap after GC invocations=64 (full 0):
 garbage-first heap   total 376832K, used 238479K [0x00000000a0000000, 0x0000000100000000)
  region size 1024K, 3 young (3072K), 3 survivors (3072K)
 Metaspace       used 87166K, capacity 89286K, committed 89608K, reserved 1126400K
  class space    used 11166K, capacity 11905K, committed 12032K, reserved 1048576K
}
Event: 25.465 GC heap before
{Heap before GC invocations=64 (full 0):
 garbage-first heap   total 376832K, used 246671K [0x00000000a0000000, 0x0000000100000000)
  region size 1024K, 12 young (12288K), 3 survivors (3072K)
 Metaspace       used 87166K, capacity 89286K, committed 89608K, reserved 1126400K
  class space    used 11166K, capacity 11905K, committed 12032K, reserved 1048576K
}
Event: 25.493 GC heap after
{Heap after GC invocations=65 (full 0):
 garbage-first heap   total 542720K, used 239428K [0x00000000a0000000, 0x0000000100000000)
  region size 1024K, 4 young (4096K), 4 survivors (4096K)
 Metaspace       used 87166K, capacity 89286K, committed 89608K, reserved 1126400K
  class space    used 11166K, capacity 11905K, committed 12032K, reserved 1048576K
}
Event: 28.676 GC heap before
{Heap before GC invocations=66 (full 0):
 garbage-first heap   total 542720K, used 279364K [0x00000000a0000000, 0x0000000100000000)
  region size 1024K, 34 young (34816K), 4 survivors (4096K)
 Metaspace       used 87405K, capacity 89540K, committed 89864K, reserved 1128448K
  class space    used 11178K, capacity 11923K, committed 12032K, reserved 1048576K
}
Event: 28.735 GC heap after
{Heap after GC invocations=67 (full 0):
 garbage-first heap   total 542720K, used 249941K [0x00000000a0000000, 0x0000000100000000)
  region size 1024K, 4 young (4096K), 4 survivors (4096K)
 Metaspace       used 87405K, capacity 89540K, committed 89864K, reserved 1128448K
  class space    used 11178K, capacity 11923K, committed 12032K, reserved 1048576K
}
Event: 33.081 GC heap before
{Heap before GC invocations=68 (full 0):
 garbage-first heap   total 542720K, used 292949K [0x00000000a0000000, 0x0000000100000000)
  region size 1024K, 33 young (33792K), 4 survivors (4096K)
 Metaspace       used 89344K, capacity 91627K, committed 91912K, reserved 1128448K
  class space    used 11422K, capacity 12224K, committed 12288K, reserved 1048576K
}
Event: 33.095 GC heap after
{Heap after GC invocations=69 (full 0):
 garbage-first heap   total 542720K, used 237205K [0x00000000a0000000, 0x0000000100000000)
  region size 1024K, 3 young (3072K), 3 survivors (3072K)
 Metaspace       used 89344K, capacity 91627K, committed 91912K, reserved 1128448K
  class space    used 11422K, capacity 12224K, committed 12288K, reserved 1048576K
}

