# JRE version: OpenJDK Runtime Environment (11.0.15) (build 11.0.15+0-b2043.56-9505619)
# Java VM: OpenJDK 64-Bit Server VM (11.0.15+0-b2043.56-9505619, mixed mode, tiered, compressed oops, g1 gc, windows-amd64)
Heap:
 garbage-first heap   total 548864K, used 243712K [0x00000000a0000000, 0x0000000100000000)
  region size 1024K, 2 young (2048K), 2 survivors (2048K)
 Metaspace       used 101993K, capacity 104678K, committed 105992K, reserved 1140736K
  class space    used 12632K, capacity 13575K, committed 14080K, reserved 1048576K
GC Heap History (20 events):
Event: 992.960 GC heap after
{Heap after GC invocations=90 (full 0):
 garbage-first heap   total 242688K, used 186438K [0x00000000a0000000, 0x0000000100000000)
  region size 1024K, 4 young (4096K), 4 survivors (4096K)
 Metaspace       used 102307K, capacity 105328K, committed 105480K, reserved 1140736K
  class space    used 12859K, capacity 13988K, committed 14080K, reserved 1048576K
}
Event: 993.034 GC heap before
{Heap before GC invocations=90 (full 0):
 garbage-first heap   total 242688K, used 202822K [0x00000000a0000000, 0x0000000100000000)
  region size 1024K, 20 young (20480K), 4 survivors (4096K)
 Metaspace       used 102383K, capacity 105398K, committed 105736K, reserved 1140736K
  class space    used 12859K, capacity 13988K, committed 14080K, reserved 1048576K
}
Event: 993.043 GC heap after
{Heap after GC invocations=91 (full 0):
 garbage-first heap   total 242688K, used 192965K [0x00000000a0000000, 0x0000000100000000)
  region size 1024K, 3 young (3072K), 3 survivors (3072K)
 Metaspace       used 102383K, capacity 105398K, committed 105736K, reserved 1140736K
  class space    used 12859K, capacity 13988K, committed 14080K, reserved 1048576K
}
Event: 993.121 GC heap before
{Heap before GC invocations=91 (full 0):
 garbage-first heap   total 242688K, used 206277K [0x00000000a0000000, 0x0000000100000000)
  region size 1024K, 16 young (16384K), 3 survivors (3072K)
 Metaspace       used 102392K, capacity 105399K, committed 105736K, reserved 1140736K
  class space    used 12859K, capacity 13988K, committed 14080K, reserved 1048576K
}
Event: 993.130 GC heap after
{Heap after GC invocations=92 (full 0):
 garbage-first heap   total 242688K, used 197432K [0x00000000a0000000, 0x0000000100000000)
  region size 1024K, 2 young (2048K), 2 survivors (2048K)
 Metaspace       used 102392K, capacity 105399K, committed 105736K, reserved 1140736K
  class space    used 12859K, capacity 13988K, committed 14080K, reserved 1048576K
}
Event: 993.186 GC heap before
{Heap before GC invocations=92 (full 0):
 garbage-first heap   total 242688K, used 209720K [0x00000000a0000000, 0x0000000100000000)
  region size 1024K, 13 young (13312K), 2 survivors (2048K)
 Metaspace       used 102398K, capacity 105400K, committed 105736K, reserved 1140736K
  class space    used 12859K, capacity 13988K, committed 14080K, reserved 1048576K
}
Event: 993.194 GC heap after
{Heap after GC invocations=93 (full 0):
 garbage-first heap   total 242688K, used 203888K [0x00000000a0000000, 0x0000000100000000)
  region size 1024K, 2 young (2048K), 2 survivors (2048K)
 Metaspace       used 102398K, capacity 105400K, committed 105736K, reserved 1140736K
  class space    used 12859K, capacity 13988K, committed 14080K, reserved 1048576K
}
Event: 993.224 GC heap before
{Heap before GC invocations=93 (full 0):
 garbage-first heap   total 242688K, used 213104K [0x00000000a0000000, 0x0000000100000000)
  region size 1024K, 11 young (11264K), 2 survivors (2048K)
 Metaspace       used 102409K, capacity 105402K, committed 105736K, reserved 1140736K
  class space    used 12859K, capacity 13988K, committed 14080K, reserved 1048576K
}
Event: 993.230 GC heap after
{Heap after GC invocations=94 (full 0):
 garbage-first heap   total 242688K, used 207240K [0x00000000a0000000, 0x0000000100000000)
  region size 1024K, 2 young (2048K), 2 survivors (2048K)
 Metaspace       used 102409K, capacity 105402K, committed 105736K, reserved 1140736K
  class space    used 12859K, capacity 13988K, committed 14080K, reserved 1048576K
}
Event: 993.393 GC heap before
{Heap before GC invocations=94 (full 0):
 garbage-first heap   total 242688K, used 217480K [0x00000000a0000000, 0x0000000100000000)
  region size 1024K, 11 young (11264K), 2 survivors (2048K)
 Metaspace       used 101761K, capacity 104412K, committed 105736K, reserved 1140736K
  class space    used 12631K, capacity 13575K, committed 14080K, reserved 1048576K
}
Event: 993.403 GC heap after
{Heap after GC invocations=95 (full 0):
 garbage-first heap   total 291840K, used 210572K [0x00000000a0000000, 0x0000000100000000)
  region size 1024K, 2 young (2048K), 2 survivors (2048K)
 Metaspace       used 101761K, capacity 104412K, committed 105736K, reserved 1140736K
  class space    used 12631K, capacity 13575K, committed 14080K, reserved 1048576K
}
Event: 993.566 GC heap before
{Heap before GC invocations=96 (full 0):
 garbage-first heap   total 291840K, used 236172K [0x00000000a0000000, 0x0000000100000000)
  region size 1024K, 28 young (28672K), 2 survivors (2048K)
 Metaspace       used 101930K, capacity 104671K, committed 105992K, reserved 1140736K
  class space    used 12632K, capacity 13575K, committed 14080K, reserved 1048576K
}
Event: 993.584 GC heap after
{Heap after GC invocations=97 (full 0):
 garbage-first heap   total 291840K, used 224150K [0x00000000a0000000, 0x0000000100000000)
  region size 1024K, 4 young (4096K), 4 survivors (4096K)
 Metaspace       used 101930K, capacity 104671K, committed 105992K, reserved 1140736K
  class space    used 12632K, capacity 13575K, committed 14080K, reserved 1048576K
}
Event: 993.610 GC heap before
{Heap before GC invocations=97 (full 0):
 garbage-first heap   total 291840K, used 234390K [0x00000000a0000000, 0x0000000100000000)
  region size 1024K, 14 young (14336K), 4 survivors (4096K)
 Metaspace       used 101946K, capacity 104675K, committed 105992K, reserved 1140736K
  class space    used 12632K, capacity 13575K, committed 14080K, reserved 1048576K
}
Event: 993.638 GC heap after
{Heap after GC invocations=98 (full 0):
 garbage-first heap   total 291840K, used 214288K [0x00000000a0000000, 0x0000000100000000)
  region size 1024K, 2 young (2048K), 2 survivors (2048K)
 Metaspace       used 101946K, capacity 104675K, committed 105992K, reserved 1140736K
  class space    used 12632K, capacity 13575K, committed 14080K, reserved 1048576K
}
Event: 993.675 GC heap before
{Heap before GC invocations=98 (full 0):
 garbage-first heap   total 291840K, used 235792K [0x00000000a0000000, 0x0000000100000000)
  region size 1024K, 23 young (23552K), 2 survivors (2048K)
 Metaspace       used 101973K, capacity 104675K, committed 105992K, reserved 1140736K
  class space    used 12632K, capacity 13575K, committed 14080K, reserved 1048576K
}
Event: 993.691 GC heap after
{Heap after GC invocations=99 (full 0):
 garbage-first heap   total 291840K, used 227608K [0x00000000a0000000, 0x0000000100000000)
  region size 1024K, 3 young (3072K), 3 survivors (3072K)
 Metaspace       used 101973K, capacity 104675K, committed 105992K, reserved 1140736K
  class space    used 12632K, capacity 13575K, committed 14080K, reserved 1048576K
}
Event: 993.724 GC heap before
{Heap before GC invocations=99 (full 0):
 garbage-first heap   total 291840K, used 240920K [0x00000000a0000000, 0x0000000100000000)
  region size 1024K, 17 young (17408K), 3 survivors (3072K)
 Metaspace       used 101988K, capacity 104676K, committed 105992K, reserved 1140736K
  class space    used 12632K, capacity 13575K, committed 14080K, reserved 1048576K
}
Event: 993.734 GC heap after
{Heap after GC invocations=100 (full 0):
 garbage-first heap   total 291840K, used 236544K [0x00000000a0000000, 0x0000000100000000)
  region size 1024K, 3 young (3072K), 3 survivors (3072K)
 Metaspace       used 101988K, capacity 104676K, committed 105992K, reserved 1140736K
  class space    used 12632K, capacity 13575K, committed 14080K, reserved 1048576K
}
Event: 993.758 GC heap before
{Heap before GC invocations=100 (full 0):
 garbage-first heap   total 291840K, used 247808K [0x00000000a0000000, 0x0000000100000000)
  region size 1024K, 14 young (14336K), 3 survivors (3072K)
 Metaspace       used 101993K, capacity 104678K, committed 105992K, reserved 1140736K
  class space    used 12632K, capacity 13575K, committed 14080K, reserved 1048576K
}

